<?xml version="1.0"?>
<testsuite name="Chrome 81.0.4044.129 (Windows 10)" package="" timestamp="2020-05-05T06:33:51" id="0" hostname="DESKTOP-DLASRAV" tests="3" errors="0" failures="0" time="0.091">
  <properties>
    <property name="browser.fullName" value="Mozilla/5.0 (Windows NT 10.0; Win64; x64) AppleWebKit/537.36 (KHTML, like Gecko) Chrome/81.0.4044.129 Safari/537.36"/>
  </properties>
  <testcase name="TestSideComponent should create" time="0.067" classname="TestSideComponent"/>
  <testcase name="AppComponent should have as title 'TestCypress'" time="0.013" classname="AppComponent"/>
  <testcase name="AppComponent should create the app" time="0.011" classname="AppComponent"/>
  <system-out>
    <![CDATA[Chrome 81.0.4044.129 (Windows 10) WARN: ''app-test-side' is not a known element:
1. If 'app-test-side' is an Angular component, then verify that it is part of this module.
2. If 'app-test-side' is a Web Component then add 'CUSTOM_ELEMENTS_SCHEMA' to the '@NgModule.schemas' of this component to suppress this message.'
,Chrome 81.0.4044.129 (Windows 10) WARN: ''app-test-side' is not a known element:
1. If 'app-test-side' is an Angular component, then verify that it is part of this module.
2. If 'app-test-side' is a Web Component then add 'CUSTOM_ELEMENTS_SCHEMA' to the '@NgModule.schemas' of this component to suppress this message.'

]]>
  </system-out>
  <system-err/>
</testsuite>